%!Adobe-FontList 1.20
%Locale:0x804

%BeginFont
Handler:DirectoryHandler
FontType:CID
FontName:AdobeSongStd-Light
FamilyName:Adobe Song Std
StyleName:L
FullName:Adobe Song Std L
MenuName:Adobe 宋体 Std L
StyleBits:0
FamilyNameNative:Adobe 宋体 Std
StyleNameNative:L
FullNameNative:Adobe 宋体 Std L
WritingScript:SimplifiedChinese
OutlineFileName:C:\Users\86152\Desktop\“page2”文件夹\huace\Document fonts\AdobeSongStd-Light.otf
DataFormat:sfntData
isCFF:yes
hasSVG:no
VariableFontType:NonVariableFont
FileLength:15589544
FileModTime:1582087980
WeightClass:300
WidthClass:5
AngleClass:0
NameArray:0,Mac,4,Adobe Song Std L
NameArray:25,Mac,4,Adobe 宋体 Std L
NameArray:0,Win,1,Adobe Song Std L
NameArray:0,Win,16,Adobe Song Std
NameArray:25,Win,1,Adobe 宋体 Std L
NameArray:25,Win,16,Adobe 宋体 Std
%EndFont

